Containers:
  [+] MainContainer:
   |            ID: 0x0000000000000000
   |        Bounds: IsValid=false, Min=(X=0.000 Y=0.000 Z=0.000), Max=(X=0.000 Y=0.000 Z=0.000)
   |     Transform: 0.000000,0.000000,0.000000|0.000000,0.000000,-0.000000|1.000000,1.000000,1.000000
   |     Container: /Game/FirstPerson/Maps/FirstPersonMap
   |  ActorDescs:
   |      - Guid:5FE7584649BB6F09265329A6C57CFD0D Class:VolumetricCloud Name:VolumetricCloud_0 SpatiallyLoaded:false Bounds:IsValid=true, Min=(X=0.000 Y=0.000 Z=820.000), Max=(X=0.000 Y=0.000 Z=820.000) RuntimeGrid:None EditorOnly:false LevelBoundsRelevant:false HLODRelevant:false FolderPath:Lighting FolderGuid:0BA5F0A04EADB18E70D5B180D08FA34B Parent:00000000000000000000000000000000
   |      - Guid:61391D344900612A77DFC3BA3E354907 Class:ExponentialHeightFog Name:ExponentialHeightFog_0 SpatiallyLoaded:false Bounds:IsValid=true, Min=(X=-5600.000 Y=-50.000 Z=-6850.000), Max=(X=-5600.000 Y=-50.000 Z=-6850.000) RuntimeGrid:None EditorOnly:false LevelBoundsRelevant:false HLODRelevant:false FolderPath:Lighting FolderGuid:0BA5F0A04EADB18E70D5B180D08FA34B Parent:00000000000000000000000000000000
   |      - Guid:6FEFB3BD4EB37B849EF0D4AC80F83855 Class:WorldDataLayers Name:WorldDataLayers SpatiallyLoaded:false Bounds:IsValid=true, Min=(X=0.000 Y=0.000 Z=0.000), Max=(X=0.000 Y=0.000 Z=0.000) RuntimeGrid:None EditorOnly:false LevelBoundsRelevant:false HLODRelevant:false FolderPath:None FolderGuid:00000000000000000000000000000000 Parent:00000000000000000000000000000000
   |      - Guid:9C99BD3641C6BAC63050E8ADA912C323 Class:Character Name:BP_Widow_C_UAID_D8BBC1007160F04A01_1545106543 SpatiallyLoaded:true Bounds:IsValid=true, Min=(X=625.000 Y=321.152 Z=110.000), Max=(X=735.000 Y=445.000 Z=302.000) RuntimeGrid:None EditorOnly:false LevelBoundsRelevant:true HLODRelevant:false FolderPath:None FolderGuid:00000000000000000000000000000000 Parent:00000000000000000000000000000000
   |      - Guid:C0C56B9644AE3D40CAFF6A878DB29844 Class:StaticMeshActor Name:StaticMeshActor_UAID_A4AE111137DC5EFB00_2001720423 SpatiallyLoaded:true Bounds:IsValid=true, Min=(X=-1638400.000 Y=-1638400.000 Z=-1638400.000), Max=(X=1638400.000 Y=1638400.000 Z=1638400.000) RuntimeGrid:None EditorOnly:false LevelBoundsRelevant:true HLODRelevant:true FolderPath:Lighting FolderGuid:0BA5F0A04EADB18E70D5B180D08FA34B Parent:00000000000000000000000000000000
   |      - Guid:C22CE07C4B87D685137FDBBC10FC92C6 Class:SkyAtmosphere Name:SkyAtmosphere_0 SpatiallyLoaded:false Bounds:IsValid=true, Min=(X=0.000 Y=0.000 Z=1020.000), Max=(X=0.000 Y=0.000 Z=1020.000) RuntimeGrid:None EditorOnly:false LevelBoundsRelevant:false HLODRelevant:false FolderPath:Lighting FolderGuid:0BA5F0A04EADB18E70D5B180D08FA34B Parent:00000000000000000000000000000000
   |      - Guid:C690636246976825169BE7AA8A55BE85 Class:StaticMeshActor Name:StaticMeshActor_UAID_D8BBC1007160CB5101_1483889425 SpatiallyLoaded:true Bounds:IsValid=true, Min=(X=-1320.000 Y=-4400.000 Z=-200.000), Max=(X=2500.000 Y=5200.000 Z=900.000) RuntimeGrid:None EditorOnly:false LevelBoundsRelevant:true HLODRelevant:false FolderPath:None FolderGuid:00000000000000000000000000000000 Parent:00000000000000000000000000000000
   |      - Guid:CE8D82634660FCDB3120E2B8D547C533 Class:PostProcessVolume Name:PostProcessVolume_0 SpatiallyLoaded:false Bounds:IsValid=true, Min=(X=0.000 Y=0.000 Z=400.000), Max=(X=200.000 Y=200.000 Z=600.000) RuntimeGrid:None EditorOnly:false LevelBoundsRelevant:false HLODRelevant:false FolderPath:Lighting FolderGuid:0BA5F0A04EADB18E70D5B180D08FA34B Parent:00000000000000000000000000000000
   |      - Guid:D1DB3677400AE89B22F8688A8DDEB84D Class:Character Name:BP_Genji_C_UAID_D8BBC10071606D4D01_1728003656 SpatiallyLoaded:true Bounds:IsValid=true, Min=(X=935.000 Y=371.152 Z=100.000), Max=(X=1045.000 Y=495.000 Z=292.000) RuntimeGrid:None EditorOnly:false LevelBoundsRelevant:true HLODRelevant:false FolderPath:None FolderGuid:00000000000000000000000000000000 Parent:00000000000000000000000000000000
   |      - Guid:D5AF5BE647D1C7845B0A18BED0728A1E Class:Character Name:BP_Hanzo_C_UAID_D8BBC1007160984F01_1271392335 SpatiallyLoaded:true Bounds:IsValid=true, Min=(X=-979.978 Y=-4076.477 Z=400.119), Max=(X=-869.978 Y=-3952.630 Z=592.119) RuntimeGrid:None EditorOnly:false LevelBoundsRelevant:true HLODRelevant:false FolderPath:None FolderGuid:00000000000000000000000000000000 Parent:00000000000000000000000000000000
   |      - Guid:DADD8485429DD0B6E1E80594648BCD56 Class:Character Name:BP_Tracer_C_UAID_9C7BEF26EE949A3D01_1577184681 SpatiallyLoaded:true Bounds:IsValid=true, Min=(X=1465.000 Y=421.152 Z=130.000), Max=(X=1575.000 Y=545.000 Z=322.000) RuntimeGrid:None EditorOnly:false LevelBoundsRelevant:true HLODRelevant:false FolderPath:None FolderGuid:00000000000000000000000000000000 Parent:00000000000000000000000000000000
   |      - Guid:E5320C1B4FD9764CE7B54D8487AEC613 Class:SkyLight Name:SkyLight_0 SpatiallyLoaded:false Bounds:IsValid=true, Min=(X=0.000 Y=0.000 Z=690.000), Max=(X=0.000 Y=0.000 Z=690.000) RuntimeGrid:None EditorOnly:false LevelBoundsRelevant:false HLODRelevant:false FolderPath:Lighting FolderGuid:0BA5F0A04EADB18E70D5B180D08FA34B Parent:00000000000000000000000000000000
   |      - Guid:F80621C9446867154938FE81375207DA Class:DirectionalLight Name:DirectionalLight_1 SpatiallyLoaded:false Bounds:IsValid=true, Min=(X=-1048576.000 Y=-1048576.000 Z=-1048576.000), Max=(X=1048576.000 Y=1048576.000 Z=1048576.000) RuntimeGrid:None EditorOnly:false LevelBoundsRelevant:false HLODRelevant:false FolderPath:Lighting FolderGuid:0BA5F0A04EADB18E70D5B180D08FA34B Parent:00000000000000000000000000000000
